<?xml version="1.0" encoding="UTF-8"?>
<!-- Generated by org.testng.reporters.JUnitReportReporter -->
<testsuite skipped="0" hostname="kishor" name="com.test.DasBoardTest" tests="8" failures="0" timestamp="29 Jan 2020 09:45:35 GMT" time="0.051" errors="0">
  <testcase name="testLinkSpellings" time="0.003" classname="com.test.DasBoardTest"/>
  <testcase name="testLinkSpellings" time="0.002" classname="com.test.DasBoardTest"/>
  <testcase name="testLinkSpellings" time="0.017" classname="com.test.DasBoardTest"/>
  <testcase name="testLinkSpellings" time="0.002" classname="com.test.DasBoardTest"/>
  <testcase name="testLinkSpellings" time="0.002" classname="com.test.DasBoardTest"/>
  <testcase name="testLinkSpellings" time="0.004" classname="com.test.DasBoardTest"/>
  <testcase name="testLinksCount" time="0.002" classname="com.test.DasBoardTest"/>
  <testcase name="testLinksSeq" time="0.019" classname="com.test.DasBoardTest"/>
</testsuite> <!-- com.test.DasBoardTest -->
